0 info it worked if it ends with ok
1 verbose cli [ '/home/farolan/.nvm/versions/node/v6.9.5/bin/node',
1 verbose cli   '/home/farolan/.nvm/versions/node/v6.9.5/bin/npm',
1 verbose cli   'version',
1 verbose cli   '0.1.1' ]
2 info using npm@3.10.10
3 info using node@v6.9.5
4 info git [ 'status', '--porcelain' ]
5 verbose stack Error: Git working directory not clean.
5 verbose stack M README.md
5 verbose stack     at /home/farolan/.nvm/versions/node/v6.9.5/lib/node_modules/npm/lib/version.js:247:19
5 verbose stack     at /home/farolan/.nvm/versions/node/v6.9.5/lib/node_modules/npm/lib/utils/no-progress-while-running.js:21:8
5 verbose stack     at ChildProcess.exithandler (child_process.js:197:7)
5 verbose stack     at emitTwo (events.js:106:13)
5 verbose stack     at ChildProcess.emit (events.js:191:7)
5 verbose stack     at maybeClose (internal/child_process.js:877:16)
5 verbose stack     at Process.ChildProcess._handle.onexit (internal/child_process.js:226:5)
6 verbose cwd /home/farolan/prj/babel/babel-plugin-transform-react-jade
7 error Linux 4.4.0-53-generic
8 error argv "/home/farolan/.nvm/versions/node/v6.9.5/bin/node" "/home/farolan/.nvm/versions/node/v6.9.5/bin/npm" "version" "0.1.1"
9 error node v6.9.5
10 error npm  v3.10.10
11 error Git working directory not clean.
11 error M README.md
12 error If you need help, you may report this error at:
12 error     <https://github.com/npm/npm/issues>
13 verbose exit [ 1, true ]
